<?xml version="1.0" encoding="UTF-8"?>
<!-- Generated by org.testng.reporters.JUnitXMLReporter -->
<testsuite hostname="DESKTOP-9JJCJEU" ignored="7" name="Regression" tests="4" failures="1" timestamp="2022-05-25T21:45:18 IST" time="0.073" errors="0">
  <testcase name="Tc01" time="0.009" classname="com.testng.testsuit.A">
    <failure type="junit.framework.AssertionFailedError">
      <![CDATA[junit.framework.AssertionFailedError
at junit.framework.Assert.fail(Assert.java:55)
at junit.framework.Assert.fail(Assert.java:64)
at com.testng.testsuit.A.Tc01(A.java:12)
at java.util.ArrayList.forEach(Unknown Source)
... Removed 27 stack frames]]>
    </failure>
  </testcase> <!-- Tc01 -->
  <testcase name="Tc06" time="0.003" classname="com.testng.testsuit.B"/>
  <testcase name="Tc08" time="0.001" classname="com.testng.testsuit.C"/>
  <testcase name="Tc09" time="0.001" classname="com.testng.testsuit.C"/>
  <testcase name="Tc07" time="0.0" classname="com.testng.testsuit.B">
    <ignored/>
  </testcase> <!-- Tc07 -->
  <testcase name="Tc05" time="0.0" classname="com.testng.testsuit.B">
    <ignored/>
  </testcase> <!-- Tc05 -->
  <testcase name="Tc02" time="0.0" classname="com.testng.testsuit.A">
    <ignored/>
  </testcase> <!-- Tc02 -->
  <testcase name="Tc03" time="0.0" classname="com.testng.testsuit.A">
    <ignored/>
  </testcase> <!-- Tc03 -->
  <testcase name="Tc04" time="0.0" classname="com.testng.testsuit.B">
    <ignored/>
  </testcase> <!-- Tc04 -->
  <testcase name="Tc11" time="0.0" classname="com.testng.testsuit.C">
    <ignored/>
  </testcase> <!-- Tc11 -->
  <testcase name="Tc10" time="0.0" classname="com.testng.testsuit.C">
    <ignored/>
  </testcase> <!-- Tc10 -->
</testsuite> <!-- Regression -->
